<?xml version="1.0" encoding="UTF-8"?>
<!-- Generated by org.testng.reporters.JUnitReportReporter -->
<testsuite name="org.tesss.parllell$TestC" tests="3" time="0.045" ignored="0" failures="0" timestamp="11 Jul 2022 06:19:23 GMT" skipped="0" hostname="LAPTOP-FVOS1RG9" errors="0">
  <testcase name="testC1" time="0.015" classname="org.tesss.parllell$TestC"/>
  <testcase name="testC2" time="0.015" classname="org.tesss.parllell$TestC"/>
  <testcase name="testC3" time="0.015" classname="org.tesss.parllell$TestC"/>
</testsuite> <!-- org.tesss.parllell$TestC -->
