<?xml version="1.0" encoding="UTF-8"?>
<!-- Generated by org.testng.reporters.JUnitReportReporter -->
<testsuite name="org.tesss.parllell$TestA" tests="3" time="0.046" ignored="0" failures="0" timestamp="11 Jul 2022 06:19:23 GMT" skipped="0" hostname="LAPTOP-FVOS1RG9" errors="0">
  <testcase name="testA2" time="0.016" classname="org.tesss.parllell$TestA"/>
  <testcase name="testA1" time="0.015" classname="org.tesss.parllell$TestA"/>
  <testcase name="testA3" time="0.015" classname="org.tesss.parllell$TestA"/>
</testsuite> <!-- org.tesss.parllell$TestA -->
