<?xml version="1.0" encoding="UTF-8"?>
<!-- Generated by org.testng.reporters.JUnitReportReporter -->
<testsuite name="org.tesss.parllell$TestB" tests="3" time="0.046" ignored="0" failures="0" timestamp="11 Jul 2022 06:19:23 GMT" skipped="0" hostname="LAPTOP-FVOS1RG9" errors="0">
  <testcase name="testB1" time="0.015" classname="org.tesss.parllell$TestB"/>
  <testcase name="testB2" time="0.015" classname="org.tesss.parllell$TestB"/>
  <testcase name="testB3" time="0.016" classname="org.tesss.parllell$TestB"/>
</testsuite> <!-- org.tesss.parllell$TestB -->
