<?xml version="1.0" encoding="UTF-8"?>
<!-- Generated by org.testng.reporters.JUnitReportReporter -->
<testsuite name="org.tesss.parllell" tests="18" time="0.047" ignored="0" failures="0" timestamp="11 Jul 2022 06:32:26 GMT" skipped="0" hostname="LAPTOP-FVOS1RG9" errors="0">
  <testcase name="testB1" time="0.001" classname="org.tesss.parllell"/>
  <testcase name="testB2" time="0.002" classname="org.tesss.parllell"/>
  <testcase name="testC2" time="0.004" classname="org.tesss.parllell"/>
  <testcase name="testB2" time="0.001" classname="org.tesss.parllell"/>
  <testcase name="testA3" time="0.002" classname="org.tesss.parllell"/>
  <testcase name="testC2" time="0.003" classname="org.tesss.parllell"/>
  <testcase name="testA2" time="0.001" classname="org.tesss.parllell"/>
  <testcase name="testA2" time="0.001" classname="org.tesss.parllell"/>
  <testcase name="testB3" time="0.002" classname="org.tesss.parllell"/>
  <testcase name="testB1" time="0.002" classname="org.tesss.parllell"/>
  <testcase name="testC1" time="0.000" classname="org.tesss.parllell"/>
  <testcase name="testC3" time="0.001" classname="org.tesss.parllell"/>
  <testcase name="testA3" time="0.001" classname="org.tesss.parllell"/>
  <testcase name="testA1" time="0.011" classname="org.tesss.parllell"/>
  <testcase name="testC1" time="0.001" classname="org.tesss.parllell"/>
  <testcase name="testC3" time="0.001" classname="org.tesss.parllell"/>
  <testcase name="testA1" time="0.011" classname="org.tesss.parllell"/>
  <testcase name="testB3" time="0.002" classname="org.tesss.parllell"/>
</testsuite> <!-- org.tesss.parllell -->
