<?xml version="1.0" encoding="UTF-8"?>
<!-- Generated by org.testng.reporters.JUnitReportReporter -->
<testsuite name="org.tesss.Testngggs" tests="2" time="0.004" ignored="1" failures="0" timestamp="08 Jul 2022 05:25:07 GMT" skipped="0" hostname="LAPTOP-FVOS1RG9" errors="0">
  <testcase name="test3" time="0.000" classname="org.tesss.Testngggs"/>
  <testcase name="test2" time="0.004" classname="org.tesss.Testngggs"/>
  <testcase name="test1" classname="org.tesss.Testngggs">
    <skipped/>
  </testcase> <!-- test1 -->
</testsuite> <!-- org.tesss.Testngggs -->
