<?xml version="1.0" encoding="UTF-8"?>
<!-- Generated by org.testng.reporters.JUnitReportReporter -->
<testsuite name="org.tesss.A" tests="7" time="0.028" ignored="0" failures="0" timestamp="08 Jul 2022 04:59:46 GMT" skipped="0" hostname="LAPTOP-FVOS1RG9" errors="0">
  <testcase name="TestA5" time="0.002" classname="org.tesss.A"/>
  <testcase name="TestA1" time="0.015" classname="org.tesss.A"/>
  <testcase name="TestA6" time="0.002" classname="org.tesss.A"/>
  <testcase name="TestA4" time="0.002" classname="org.tesss.A"/>
  <testcase name="TestA2" time="0.002" classname="org.tesss.A"/>
  <testcase name="TestA7" time="0.003" classname="org.tesss.A"/>
  <testcase name="TestA3" time="0.002" classname="org.tesss.A"/>
</testsuite> <!-- org.tesss.A -->
