<?xml version="1.0" encoding="UTF-8"?>
<!-- Generated by org.testng.reporters.JUnitReportReporter -->
<testsuite skipped="0" hostname="LAPTOP-FVOS1RG9" name="Testnggg$sample" tests="1" failures="0" timestamp="05 Jul 2022 05:08:11 GMT" time="0.006" errors="0">
  <testcase name="test1" time="0.006" classname="Testnggg$sample"/>
</testsuite> <!-- Testnggg$sample -->
