<?xml version="1.0" encoding="UTF-8"?>
<!-- Generated by org.testng.reporters.JUnitReportReporter -->
<testsuite name="org.tesss.Softassert" tests="1" time="31.455" ignored="0" failures="0" timestamp="08 Jul 2022 07:11:10 GMT" skipped="0" hostname="LAPTOP-FVOS1RG9" errors="1">
  <testcase name="test1" time="31.455" classname="org.tesss.Softassert">
    <error type="java.lang.StackOverflowError">
      <![CDATA[java.lang.StackOverflowError
	at org.test.Login.getusername(Login.java:68)
	at org.test.Login.getusername(Login.java:68)
	at org.test.Login.getusername(Login.java:68)
	at org.test.Login.getusername(Login.java:68)
	at org.test.Login.getusername(Login.java:68)
	at org.test.Login.getusername(Login.java:68)
	at org.test.Login.getusername(Login.java:68)
	at org.test.Login.getusername(Login.java:68)
	at org.test.Login.getusername(Login.java:68)
	at org.test.Login.getusername(Login.java:68)
	at org.test.Login.getusername(Login.java:68)
	at org.test.Login.getusername(Login.java:68)
	at org.test.Login.getusername(Login.java:68)
	at org.test.Login.getusername(Login.java:68)
	at org.test.Login.getusername(Login.java:68)
	at org.test.Login.getusername(Login.java:68)
	at org.test.Login.getusername(Login.java:68)
	at org.test.Login.getusername(Login.java:68)
	at org.test.Login.getusername(Login.java:68)
	at org.test.Login.getusername(Login.java:68)
	at org.test.Login.getusername(Login.java:68)
	at org.test.Login.getusername(Login.java:68)
	at org.test.Login.getusername(Login.java:68)
	at org.test.Login.getusername(Login.java:68)
	at org.test.Login.getusername(Login.java:68)
	at org.test.Login.getusername(Login.java:68)
	at org.test.Login.getusername(Login.java:68)
	at org.test.Login.getusername(Login.java:68)
	at org.test.Login.getusername(Login.java:68)
	at org.test.Login.getusername(Login.java:68)
	at org.test.Login.getusername(Login.java:68)
	at org.test.Login.getusername(Login.java:68)
	at org.test.Login.getusername(Login.java:68)
	at org.test.Login.getusername(Login.java:68)
	at org.test.Login.getusername(Login.java:68)
	at org.test.Login.getusername(Login.java:68)
	at org.test.Login.getusername(Login.java:68)
	at org.test.Login.getusername(Login.java:68)
	at org.test.Login.getusername(Login.java:68)
	at org.test.Login.getusername(Login.java:68)
	at org.test.Login.getusername(Login.java:68)
	at org.test.Login.getusername(Login.java:68)
	at org.test.Login.getusername(Login.java:68)
	at org.test.Login.getusername(Login.java:68)
	at org.test.Login.getusername(Login.java:68)
	at org.test.Login.getusername(Login.java:68)
	at org.test.Login.getusername(Login.java:68)
	at org.test.Login.getusername(Login.java:68)
	at org.test.Login.getusername(Login.java:68)
	at org.test.Login.getusername(Login.java:68)
	at org.test.Login.getusername(Login.java:68)
	at org.test.Login.getusername(Login.java:68)
	at org.test.Login.getusername(Login.java:68)
	at org.test.Login.getusername(Login.java:68)
	at org.test.Login.getusername(Login.java:68)
	at org.test.Login.getusername(Login.java:68)
	at org.test.Login.getusername(Login.java:68)
	at org.test.Login.getusername(Login.java:68)
	at org.test.Login.getusername(Login.java:68)
	at org.test.Login.getusername(Login.java:68)
	at org.test.Login.getusername(Login.java:68)
	at org.test.Login.getusername(Login.java:68)
	at org.test.Login.getusername(Login.java:68)
	at org.test.Login.getusername(Login.java:68)
	at org.test.Login.getusername(Login.java:68)
	at org.test.Login.getusername(Login.java:68)
	at org.test.Login.getusername(Login.java:68)
	at org.test.Login.getusername(Login.java:68)
	at org.test.Login.getusername(Login.java:68)
	at org.test.Login.getusername(Login.java:68)
	at org.test.Login.getusername(Login.java:68)
	at org.test.Login.getusername(Login.java:68)
	at org.test.Login.getusername(Login.java:68)
	at org.test.Login.getusername(Login.java:68)
	at org.test.Login.getusername(Login.java:68)
	at org.test.Login.getusername(Login.java:68)
	at org.test.Login.getusername(Login.java:68)
	at org.test.Login.getusername(Login.java:68)
	at org.test.Login.getusername(Login.java:68)
	at org.test.Login.getusername(Login.java:68)
	at org.test.Login.getusername(Login.java:68)
	at org.test.Login.getusername(Login.java:68)
	at org.test.Login.getusername(Login.java:68)
	at org.test.Login.getusername(Login.java:68)
	at org.test.Login.getusername(Login.java:68)
	at org.test.Login.getusername(Login.java:68)
	at org.test.Login.getusername(Login.java:68)
	at org.test.Login.getusername(Login.java:68)
	at org.test.Login.getusername(Login.java:68)
	at org.test.Login.getusername(Login.java:68)
	at org.test.Login.getusername(Login.java:68)
	at org.test.Login.getusername(Login.java:68)
	at org.test.Login.getusername(Login.java:68)
	at org.test.Login.getusername(Login.java:68)
	at org.test.Login.getusername(Login.java:68)
	at org.test.Login.getusername(Login.java:68)
	at org.test.Login.getusername(Login.java:68)
	at org.test.Login.getusername(Login.java:68)
	at org.test.Login.getusername(Login.java:68)
	at org.test.Login.getusername(Login.java:68)
	at org.test.Login.getusername(Login.java:68)
	at org.test.Login.getusername(Login.java:68)
	at org.test.Login.getusername(Login.java:68)
	at org.test.Login.getusername(Login.java:68)
	at org.test.Login.getusername(Login.java:68)
	at org.test.Login.getusername(Login.java:68)
	at org.test.Login.getusername(Login.java:68)
	at org.test.Login.getusername(Login.java:68)
	at org.test.Login.getusername(Login.java:68)
	at org.test.Login.getusername(Login.java:68)
	at org.test.Login.getusername(Login.java:68)
	at org.test.Login.getusername(Login.java:68)
	at org.test.Login.getusername(Login.java:68)
	at org.test.Login.getusername(Login.java:68)
	at org.test.Login.getusername(Login.java:68)
	at org.test.Login.getusername(Login.java:68)
	at org.test.Login.getusername(Login.java:68)
	at org.test.Login.getusername(Login.java:68)
	at org.test.Login.getusername(Login.java:68)
	at org.test.Login.getusername(Login.java:68)
	at org.test.Login.getusername(Login.java:68)
	at org.test.Login.getusername(Login.java:68)
	at org.test.Login.getusername(Login.java:68)
	at org.test.Login.getusername(Login.java:68)
	at org.test.Login.getusername(Login.java:68)
	at org.test.Login.getusername(Login.java:68)
	at org.test.Login.getusername(Login.java:68)
	at org.test.Login.getusername(Login.java:68)
	at org.test.Login.getusername(Login.java:68)
	at org.test.Login.getusername(Login.java:68)
	at org.test.Login.getusername(Login.java:68)
	at org.test.Login.getusername(Login.java:68)
	at org.test.Login.getusername(Login.java:68)
	at org.test.Login.getusername(Login.java:68)
	at org.test.Login.getusername(Login.java:68)
	at org.test.Login.getusername(Login.java:68)
	at org.test.Login.getusername(Login.java:68)
	at org.test.Login.getusername(Login.java:68)
	at org.test.Login.getusername(Login.java:68)
	at org.test.Login.getusername(Login.java:68)
	at org.test.Login.getusername(Login.java:68)
	at org.test.Login.getusername(Login.java:68)
	at org.test.Login.getusername(Login.java:68)
	at org.test.Login.getusername(Login.java:68)
	at org.test.Login.getusername(Login.java:68)
	at org.test.Login.getusername(Login.java:68)
	at org.test.Login.getusername(Login.java:68)
	at org.test.Login.getusername(Login.java:68)
	at org.test.Login.getusername(Login.java:68)
	at org.test.Login.getusername(Login.java:68)
	at org.test.Login.getusername(Login.java:68)
	at org.test.Login.getusername(Login.java:68)
	at org.test.Login.getusername(Login.java:68)
	at org.test.Login.getusername(Login.java:68)
	at org.test.Login.getusername(Login.java:68)
	at org.test.Login.getusername(Login.java:68)
	at org.test.Login.getusername(Login.java:68)
	at org.test.Login.getusername(Login.java:68)
	at org.test.Login.getusername(Login.java:68)
	at org.test.Login.getusername(Login.java:68)
	at org.test.Login.getusername(Login.java:68)
	at org.test.Login.getusername(Login.java:68)
	at org.test.Login.getusername(Login.java:68)
	at org.test.Login.getusername(Login.java:68)
	at org.test.Login.getusername(Login.java:68)
	at org.test.Login.getusername(Login.java:68)
	at org.test.Login.getusername(Login.java:68)
	at org.test.Login.getusername(Login.java:68)
	at org.test.Login.getusername(Login.java:68)
	at org.test.Login.getusername(Login.java:68)
	at org.test.Login.getusername(Login.java:68)
	at org.test.Login.getusername(Login.java:68)
	at org.test.Login.getusername(Login.java:68)
	at org.test.Login.getusername(Login.java:68)
	at org.test.Login.getusername(Login.java:68)
	at org.test.Login.getusername(Login.java:68)
	at org.test.Login.getusername(Login.java:68)
	at org.test.Login.getusername(Login.java:68)
	at org.test.Login.getusername(Login.java:68)
	at org.test.Login.getusername(Login.java:68)
	at org.test.Login.getusername(Login.java:68)
	at org.test.Login.getusername(Login.java:68)
	at org.test.Login.getusername(Login.java:68)
	at org.test.Login.getusername(Login.java:68)
	at org.test.Login.getusername(Login.java:68)
	at org.test.Login.getusername(Login.java:68)
	at org.test.Login.getusername(Login.java:68)
	at org.test.Login.getusername(Login.java:68)
	at org.test.Login.getusername(Login.java:68)
	at org.test.Login.getusername(Login.java:68)
	at org.test.Login.getusername(Login.java:68)
	at org.test.Login.getusername(Login.java:68)
	at org.test.Login.getusername(Login.java:68)
	at org.test.Login.getusername(Login.java:68)
	at org.test.Login.getusername(Login.java:68)
	at org.test.Login.getusername(Login.java:68)
	at org.test.Login.getusername(Login.java:68)
	at org.test.Login.getusername(Login.java:68)
	at org.test.Login.getusername(Login.java:68)
	at org.test.Login.getusername(Login.java:68)
	at org.test.Login.getusername(Login.java:68)
	at org.test.Login.getusername(Login.java:68)
	at org.test.Login.getusername(Login.java:68)
	at org.test.Login.getusername(Login.java:68)
	at org.test.Login.getusername(Login.java:68)
	at org.test.Login.getusername(Login.java:68)
	at org.test.Login.getusername(Login.java:68)
	at org.test.Login.getusername(Login.java:68)
	at org.test.Login.getusername(Login.java:68)
	at org.test.Login.getusername(Login.java:68)
	at org.test.Login.getusername(Login.java:68)
	at org.test.Login.getusername(Login.java:68)
	at org.test.Login.getusername(Login.java:68)
	at org.test.Login.getusername(Login.java:68)
	at org.test.Login.getusername(Login.java:68)
	at org.test.Login.getusername(Login.java:68)
	at org.test.Login.getusername(Login.java:68)
	at org.test.Login.getusername(Login.java:68)
	at org.test.Login.getusername(Login.java:68)
	at org.test.Login.getusername(Login.java:68)
	at org.test.Login.getusername(Login.java:68)
	at org.test.Login.getusername(Login.java:68)
	at org.test.Login.getusername(Login.java:68)
	at org.test.Login.getusername(Login.java:68)
	at org.test.Login.getusername(Login.java:68)
	at org.test.Login.getusername(Login.java:68)
	at org.test.Login.getusername(Login.java:68)
	at org.test.Login.getusername(Login.java:68)
	at org.test.Login.getusername(Login.java:68)
	at org.test.Login.getusername(Login.java:68)
	at org.test.Login.getusername(Login.java:68)
	at org.test.Login.getusername(Login.java:68)
	at org.test.Login.getusername(Login.java:68)
	at org.test.Login.getusername(Login.java:68)
	at org.test.Login.getusername(Login.java:68)
	at org.test.Login.getusername(Login.java:68)
	at org.test.Login.getusername(Login.java:68)
	at org.test.Login.getusername(Login.java:68)
	at org.test.Login.getusername(Login.java:68)
	at org.test.Login.getusername(Login.java:68)
	at org.test.Login.getusername(Login.java:68)
	at org.test.Login.getusername(Login.java:68)
	at org.test.Login.getusername(Login.java:68)
	at org.test.Login.getusername(Login.java:68)
	at org.test.Login.getusername(Login.java:68)
	at org.test.Login.getusername(Login.java:68)
	at org.test.Login.getusername(Login.java:68)
	at org.test.Login.getusername(Login.java:68)
	at org.test.Login.getusername(Login.java:68)
	at org.test.Login.getusername(Login.java:68)
	at org.test.Login.getusername(Login.java:68)
	at org.test.Login.getusername(Login.java:68)
	at org.test.Login.getusername(Login.java:68)
	at org.test.Login.getusername(Login.java:68)
	at org.test.Login.getusername(Login.java:68)
	at org.test.Login.getusername(Login.java:68)
	at org.test.Login.getusername(Login.java:68)
	at org.test.Login.getusername(Login.java:68)
	at org.test.Login.getusername(Login.java:68)
	at org.test.Login.getusername(Login.java:68)
	at org.test.Login.getusername(Login.java:68)
	at org.test.Login.getusername(Login.java:68)
	at org.test.Login.getusername(Login.java:68)
	at org.test.Login.getusername(Login.java:68)
	at org.test.Login.getusername(Login.java:68)
	at org.test.Login.getusername(Login.java:68)
	at org.test.Login.getusername(Login.java:68)
	at org.test.Login.getusername(Login.java:68)
	at org.test.Login.getusername(Login.java:68)
	at org.test.Login.getusername(Login.java:68)
	at org.test.Login.getusername(Login.java:68)
	at org.test.Login.getusername(Login.java:68)
	at org.test.Login.getusername(Login.java:68)
	at org.test.Login.getusername(Login.java:68)
	at org.test.Login.getusername(Login.java:68)
	at org.test.Login.getusername(Login.java:68)
	at org.test.Login.getusername(Login.java:68)
	at org.test.Login.getusername(Login.java:68)
	at org.test.Login.getusername(Login.java:68)
	at org.test.Login.getusername(Login.java:68)
	at org.test.Login.getusername(Login.java:68)
	at org.test.Login.getusername(Login.java:68)
	at org.test.Login.getusername(Login.java:68)
	at org.test.Login.getusername(Login.java:68)
	at org.test.Login.getusername(Login.java:68)
	at org.test.Login.getusername(Login.java:68)
	at org.test.Login.getusername(Login.java:68)
	at org.test.Login.getusername(Login.java:68)
	at org.test.Login.getusername(Login.java:68)
	at org.test.Login.getusername(Login.java:68)
	at org.test.Login.getusername(Login.java:68)
	at org.test.Login.getusername(Login.java:68)
	at org.test.Login.getusername(Login.java:68)
	at org.test.Login.getusername(Login.java:68)
	at org.test.Login.getusername(Login.java:68)
	at org.test.Login.getusername(Login.java:68)
	at org.test.Login.getusername(Login.java:68)
	at org.test.Login.getusername(Login.java:68)
	at org.test.Login.getusername(Login.java:68)
	at org.test.Login.getusername(Login.java:68)
	at org.test.Login.getusername(Login.java:68)
	at org.test.Login.getusername(Login.java:68)
	at org.test.Login.getusername(Login.java:68)
	at org.test.Login.getusername(Login.java:68)
	at org.test.Login.getusername(Login.java:68)
	at org.test.Login.getusername(Login.java:68)
	at org.test.Login.getusername(Login.java:68)
	at org.test.Login.getusername(Login.java:68)
	at org.test.Login.getusername(Login.java:68)
	at org.test.Login.getusername(Login.java:68)
	at org.test.Login.getusername(Login.java:68)
	at org.test.Login.getusername(Login.java:68)
	at org.test.Login.getusername(Login.java:68)
	at org.test.Login.getusername(Login.java:68)
	at org.test.Login.getusername(Login.java:68)
	at org.test.Login.getusername(Login.java:68)
	at org.test.Login.getusername(Login.java:68)
	at org.test.Login.getusername(Login.java:68)
	at org.test.Login.getusername(Login.java:68)
	at org.test.Login.getusername(Login.java:68)
	at org.test.Login.getusername(Login.java:68)
	at org.test.Login.getusername(Login.java:68)
	at org.test.Login.getusername(Login.java:68)
	at org.test.Login.getusername(Login.java:68)
	at org.test.Login.getusername(Login.java:68)
	at org.test.Login.getusername(Login.java:68)
	at org.test.Login.getusername(Login.java:68)
	at org.test.Login.getusername(Login.java:68)
	at org.test.Login.getusername(Login.java:68)
	at org.test.Login.getusername(Login.java:68)
	at org.test.Login.getusername(Login.java:68)
	at org.test.Login.getusername(Login.java:68)
	at org.test.Login.getusername(Login.java:68)
	at org.test.Login.getusername(Login.java:68)
	at org.test.Login.getusername(Login.java:68)
	at org.test.Login.getusername(Login.java:68)
	at org.test.Login.getusername(Login.java:68)
	at org.test.Login.getusername(Login.java:68)
	at org.test.Login.getusername(Login.java:68)
	at org.test.Login.getusername(Login.java:68)
	at org.test.Login.getusername(Login.java:68)
	at org.test.Login.getusername(Login.java:68)
	at org.test.Login.getusername(Login.java:68)
	at org.test.Login.getusername(Login.java:68)
	at org.test.Login.getusername(Login.java:68)
	at org.test.Login.getusername(Login.java:68)
	at org.test.Login.getusername(Login.java:68)
	at org.test.Login.getusername(Login.java:68)
	at org.test.Login.getusername(Login.java:68)
	at org.test.Login.getusername(Login.java:68)
	at org.test.Login.getusername(Login.java:68)
	at org.test.Login.getusername(Login.java:68)
	at org.test.Login.getusername(Login.java:68)
	at org.test.Login.getusername(Login.java:68)
	at org.test.Login.getusername(Login.java:68)
	at org.test.Login.getusername(Login.java:68)
	at org.test.Login.getusername(Login.java:68)
	at org.test.Login.getusername(Login.java:68)
	at org.test.Login.getusername(Login.java:68)
	at org.test.Login.getusername(Login.java:68)
	at org.test.Login.getusername(Login.java:68)
	at org.test.Login.getusername(Login.java:68)
	at org.test.Login.getusername(Login.java:68)
	at org.test.Login.getusername(Login.java:68)
	at org.test.Login.getusername(Login.java:68)
	at org.test.Login.getusername(Login.java:68)
	at org.test.Login.getusername(Login.java:68)
	at org.test.Login.getusername(Login.java:68)
	at org.test.Login.getusername(Login.java:68)
	at org.test.Login.getusername(Login.java:68)
	at org.test.Login.getusername(Login.java:68)
	at org.test.Login.getusername(Login.java:68)
	at org.test.Login.getusername(Login.java:68)
	at org.test.Login.getusername(Login.java:68)
	at org.test.Login.getusername(Login.java:68)
	at org.test.Login.getusername(Login.java:68)
	at org.test.Login.getusername(Login.java:68)
	at org.test.Login.getusername(Login.java:68)
	at org.test.Login.getusername(Login.java:68)
	at org.test.Login.getusername(Login.java:68)
	at org.test.Login.getusername(Login.java:68)
	at org.test.Login.getusername(Login.java:68)
	at org.test.Login.getusername(Login.java:68)
	at org.test.Login.getusername(Login.java:68)
	at org.test.Login.getusername(Login.java:68)
	at org.test.Login.getusername(Login.java:68)
	at org.test.Login.getusername(Login.java:68)
	at org.test.Login.getusername(Login.java:68)
	at org.test.Login.getusername(Login.java:68)
	at org.test.Login.getusername(Login.java:68)
	at org.test.Login.getusername(Login.java:68)
	at org.test.Login.getusername(Login.java:68)
	at org.test.Login.getusername(Login.java:68)
	at org.test.Login.getusername(Login.java:68)
	at org.test.Login.getusername(Login.java:68)
	at org.test.Login.getusername(Login.java:68)
	at org.test.Login.getusername(Login.java:68)
	at org.test.Login.getusername(Login.java:68)
	at org.test.Login.getusername(Login.java:68)
	at org.test.Login.getusername(Login.java:68)
	at org.test.Login.getusername(Login.java:68)
	at org.test.Login.getusername(Login.java:68)
	at org.test.Login.getusername(Login.java:68)
	at org.test.Login.getusername(Login.java:68)
	at org.test.Login.getusername(Login.java:68)
	at org.test.Login.getusername(Login.java:68)
	at org.test.Login.getusername(Login.java:68)
	at org.test.Login.getusername(Login.java:68)
	at org.test.Login.getusername(Login.java:68)
	at org.test.Login.getusername(Login.java:68)
	at org.test.Login.getusername(Login.java:68)
	at org.test.Login.getusername(Login.java:68)
	at org.test.Login.getusername(Login.java:68)
	at org.test.Login.getusername(Login.java:68)
	at org.test.Login.getusername(Login.java:68)
	at org.test.Login.getusername(Login.java:68)
	at org.test.Login.getusername(Login.java:68)
	at org.test.Login.getusername(Login.java:68)
	at org.test.Login.getusername(Login.java:68)
	at org.test.Login.getusername(Login.java:68)
	at org.test.Login.getusername(Login.java:68)
	at org.test.Login.getusername(Login.java:68)
	at org.test.Login.getusername(Login.java:68)
	at org.test.Login.getusername(Login.java:68)
	at org.test.Login.getusername(Login.java:68)
	at org.test.Login.getusername(Login.java:68)
	at org.test.Login.getusername(Login.java:68)
	at org.test.Login.getusername(Login.java:68)
	at org.test.Login.getusername(Login.java:68)
	at org.test.Login.getusername(Login.java:68)
	at org.test.Login.getusername(Login.java:68)
	at org.test.Login.getusername(Login.java:68)
	at org.test.Login.getusername(Login.java:68)
	at org.test.Login.getusername(Login.java:68)
	at org.test.Login.getusername(Login.java:68)
	at org.test.Login.getusername(Login.java:68)
	at org.test.Login.getusername(Login.java:68)
	at org.test.Login.getusername(Login.java:68)
	at org.test.Login.getusername(Login.java:68)
	at org.test.Login.getusername(Login.java:68)
	at org.test.Login.getusername(Login.java:68)
	at org.test.Login.getusername(Login.java:68)
	at org.test.Login.getusername(Login.java:68)
	at org.test.Login.getusername(Login.java:68)
	at org.test.Login.getusername(Login.java:68)
	at org.test.Login.getusername(Login.java:68)
	at org.test.Login.getusername(Login.java:68)
	at org.test.Login.getusername(Login.java:68)
	at org.test.Login.getusername(Login.java:68)
	at org.test.Login.getusername(Login.java:68)
	at org.test.Login.getusername(Login.java:68)
	at org.test.Login.getusername(Login.java:68)
	at org.test.Login.getusername(Login.java:68)
	at org.test.Login.getusername(Login.java:68)
	at org.test.Login.getusername(Login.java:68)
	at org.test.Login.getusername(Login.java:68)
	at org.test.Login.getusername(Login.java:68)
	at org.test.Login.getusername(Login.java:68)
	at org.test.Login.getusername(Login.java:68)
	at org.test.Login.getusername(Login.java:68)
	at org.test.Login.getusername(Login.java:68)
	at org.test.Login.getusername(Login.java:68)
	at org.test.Login.getusername(Login.java:68)
	at org.test.Login.getusername(Login.java:68)
	at org.test.Login.getusername(Login.java:68)
	at org.test.Login.getusername(Login.java:68)
	at org.test.Login.getusername(Login.java:68)
	at org.test.Login.getusername(Login.java:68)
	at org.test.Login.getusername(Login.java:68)
	at org.test.Login.getusername(Login.java:68)
	at org.test.Login.getusername(Login.java:68)
	at org.test.Login.getusername(Login.java:68)
	at org.test.Login.getusername(Login.java:68)
	at org.test.Login.getusername(Login.java:68)
	at org.test.Login.getusername(Login.java:68)
	at org.test.Login.getusername(Login.java:68)
	at org.test.Login.getusername(Login.java:68)
	at org.test.Login.getusername(Login.java:68)
	at org.test.Login.getusername(Login.java:68)
	at org.test.Login.getusername(Login.java:68)
	at org.test.Login.getusername(Login.java:68)
	at org.test.Login.getusername(Login.java:68)
	at org.test.Login.getusername(Login.java:68)
	at org.test.Login.getusername(Login.java:68)
	at org.test.Login.getusername(Login.java:68)
	at org.test.Login.getusername(Login.java:68)
	at org.test.Login.getusername(Login.java:68)
	at org.test.Login.getusername(Login.java:68)
	at org.test.Login.getusername(Login.java:68)
	at org.test.Login.getusername(Login.java:68)
	at org.test.Login.getusername(Login.java:68)
	at org.test.Login.getusername(Login.java:68)
	at org.test.Login.getusername(Login.java:68)
	at org.test.Login.getusername(Login.java:68)
	at org.test.Login.getusername(Login.java:68)
	at org.test.Login.getusername(Login.java:68)
	at org.test.Login.getusername(Login.java:68)
	at org.test.Login.getusername(Login.java:68)
	at org.test.Login.getusername(Login.java:68)
	at org.test.Login.getusername(Login.java:68)
	at org.test.Login.getusername(Login.java:68)
	at org.test.Login.getusername(Login.java:68)
	at org.test.Login.getusername(Login.java:68)
	at org.test.Login.getusername(Login.java:68)
	at org.test.Login.getusername(Login.java:68)
	at org.test.Login.getusername(Login.java:68)
	at org.test.Login.getusername(Login.java:68)
	at org.test.Login.getusername(Login.java:68)
	at org.test.Login.getusername(Login.java:68)
	at org.test.Login.getusername(Login.java:68)
	at org.test.Login.getusername(Login.java:68)
	at org.test.Login.getusername(Login.java:68)
	at org.test.Login.getusername(Login.java:68)
	at org.test.Login.getusername(Login.java:68)
	at org.test.Login.getusername(Login.java:68)
	at org.test.Login.getusername(Login.java:68)
	at org.test.Login.getusername(Login.java:68)
	at org.test.Login.getusername(Login.java:68)
	at org.test.Login.getusername(Login.java:68)
	at org.test.Login.getusername(Login.java:68)
	at org.test.Login.getusername(Login.java:68)
	at org.test.Login.getusername(Login.java:68)
	at org.test.Login.getusername(Login.java:68)
	at org.test.Login.getusername(Login.java:68)
	at org.test.Login.getusername(Login.java:68)
	at org.test.Login.getusername(Login.java:68)
	at org.test.Login.getusername(Login.java:68)
	at org.test.Login.getusername(Login.java:68)
	at org.test.Login.getusername(Login.java:68)
	at org.test.Login.getusername(Login.java:68)
	at org.test.Login.getusername(Login.java:68)
	at org.test.Login.getusername(Login.java:68)
	at org.test.Login.getusername(Login.java:68)
	at org.test.Login.getusername(Login.java:68)
	at org.test.Login.getusername(Login.java:68)
	at org.test.Login.getusername(Login.java:68)
	at org.test.Login.getusername(Login.java:68)
	at org.test.Login.getusername(Login.java:68)
	at org.test.Login.getusername(Login.java:68)
	at org.test.Login.getusername(Login.java:68)
	at org.test.Login.getusername(Login.java:68)
	at org.test.Login.getusername(Login.java:68)
	at org.test.Login.getusername(Login.java:68)
	at org.test.Login.getusername(Login.java:68)
	at org.test.Login.getusername(Login.java:68)
	at org.test.Login.getusername(Login.java:68)
	at org.test.Login.getusername(Login.java:68)
	at org.test.Login.getusername(Login.java:68)
	at org.test.Login.getusername(Login.java:68)
	at org.test.Login.getusername(Login.java:68)
	at org.test.Login.getusername(Login.java:68)
	at org.test.Login.getusername(Login.java:68)
	at org.test.Login.getusername(Login.java:68)
	at org.test.Login.getusername(Login.java:68)
	at org.test.Login.getusername(Login.java:68)
	at org.test.Login.getusername(Login.java:68)
	at org.test.Login.getusername(Login.java:68)
	at org.test.Login.getusername(Login.java:68)
	at org.test.Login.getusername(Login.java:68)
	at org.test.Login.getusername(Login.java:68)
	at org.test.Login.getusername(Login.java:68)
	at org.test.Login.getusername(Login.java:68)
	at org.test.Login.getusername(Login.java:68)
	at org.test.Login.getusername(Login.java:68)
	at org.test.Login.getusername(Login.java:68)
	at org.test.Login.getusername(Login.java:68)
	at org.test.Login.getusername(Login.java:68)
	at org.test.Login.getusername(Login.java:68)
	at org.test.Login.getusername(Login.java:68)
	at org.test.Login.getusername(Login.java:68)
	at org.test.Login.getusername(Login.java:68)
	at org.test.Login.getusername(Login.java:68)
	at org.test.Login.getusername(Login.java:68)
	at org.test.Login.getusername(Login.java:68)
	at org.test.Login.getusername(Login.java:68)
	at org.test.Login.getusername(Login.java:68)
	at org.test.Login.getusername(Login.java:68)
	at org.test.Login.getusername(Login.java:68)
	at org.test.Login.getusername(Login.java:68)
	at org.test.Login.getusername(Login.java:68)
	at org.test.Login.getusername(Login.java:68)
	at org.test.Login.getusername(Login.java:68)
	at org.test.Login.getusername(Login.java:68)
	at org.test.Login.getusername(Login.java:68)
	at org.test.Login.getusername(Login.java:68)
	at org.test.Login.getusername(Login.java:68)
	at org.test.Login.getusername(Login.java:68)
	at org.test.Login.getusername(Login.java:68)
	at org.test.Login.getusername(Login.java:68)
	at org.test.Login.getusername(Login.java:68)
	at org.test.Login.getusername(Login.java:68)
	at org.test.Login.getusername(Login.java:68)
	at org.test.Login.getusername(Login.java:68)
	at org.test.Login.getusername(Login.java:68)
	at org.test.Login.getusername(Login.java:68)
	at org.test.Login.getusername(Login.java:68)
	at org.test.Login.getusername(Login.java:68)
	at org.test.Login.getusername(Login.java:68)
	at org.test.Login.getusername(Login.java:68)
	at org.test.Login.getusername(Login.java:68)
	at org.test.Login.getusername(Login.java:68)
	at org.test.Login.getusername(Login.java:68)
	at org.test.Login.getusername(Login.java:68)
	at org.test.Login.getusername(Login.java:68)
	at org.test.Login.getusername(Login.java:68)
	at org.test.Login.getusername(Login.java:68)
	at org.test.Login.getusername(Login.java:68)
	at org.test.Login.getusername(Login.java:68)
	at org.test.Login.getusername(Login.java:68)
	at org.test.Login.getusername(Login.java:68)
	at org.test.Login.getusername(Login.java:68)
	at org.test.Login.getusername(Login.java:68)
	at org.test.Login.getusername(Login.java:68)
	at org.test.Login.getusername(Login.java:68)
	at org.test.Login.getusername(Login.java:68)
	at org.test.Login.getusername(Login.java:68)
	at org.test.Login.getusername(Login.java:68)
	at org.test.Login.getusername(Login.java:68)
	at org.test.Login.getusername(Login.java:68)
	at org.test.Login.getusername(Login.java:68)
	at org.test.Login.getusername(Login.java:68)
	at org.test.Login.getusername(Login.java:68)
	at org.test.Login.getusername(Login.java:68)
	at org.test.Login.getusername(Login.java:68)
	at org.test.Login.getusername(Login.java:68)
	at org.test.Login.getusername(Login.java:68)
	at org.test.Login.getusername(Login.java:68)
	at org.test.Login.getusername(Login.java:68)
	at org.test.Login.getusername(Login.java:68)
	at org.test.Login.getusername(Login.java:68)
	at org.test.Login.getusername(Login.java:68)
	at org.test.Login.getusername(Login.java:68)
	at org.test.Login.getusername(Login.java:68)
	at org.test.Login.getusername(Login.java:68)
	at org.test.Login.getusername(Login.java:68)
	at org.test.Login.getusername(Login.java:68)
	at org.test.Login.getusername(Login.java:68)
	at org.test.Login.getusername(Login.java:68)
	at org.test.Login.getusername(Login.java:68)
	at org.test.Login.getusername(Login.java:68)
	at org.test.Login.getusername(Login.java:68)
	at org.test.Login.getusername(Login.java:68)
	at org.test.Login.getusername(Login.java:68)
	at org.test.Login.getusername(Login.java:68)
	at org.test.Login.getusername(Login.java:68)
	at org.test.Login.getusername(Login.java:68)
	at org.test.Login.getusername(Login.java:68)
	at org.test.Login.getusername(Login.java:68)
	at org.test.Login.getusername(Login.java:68)
	at org.test.Login.getusername(Login.java:68)
	at org.test.Login.getusername(Login.java:68)
	at org.test.Login.getusername(Login.java:68)
	at org.test.Login.getusername(Login.java:68)
	at org.test.Login.getusername(Login.java:68)
	at org.test.Login.getusername(Login.java:68)
	at org.test.Login.getusername(Login.java:68)
	at org.test.Login.getusername(Login.java:68)
	at org.test.Login.getusername(Login.java:68)
	at org.test.Login.getusername(Login.java:68)
	at org.test.Login.getusername(Login.java:68)
	at org.test.Login.getusername(Login.java:68)
	at org.test.Login.getusername(Login.java:68)
	at org.test.Login.getusername(Login.java:68)
	at org.test.Login.getusername(Login.java:68)
	at org.test.Login.getusername(Login.java:68)
	at org.test.Login.getusername(Login.java:68)
	at org.test.Login.getusername(Login.java:68)
	at org.test.Login.getusername(Login.java:68)
	at org.test.Login.getusername(Login.java:68)
	at org.test.Login.getusername(Login.java:68)
	at org.test.Login.getusername(Login.java:68)
	at org.test.Login.getusername(Login.java:68)
	at org.test.Login.getusername(Login.java:68)
	at org.test.Login.getusername(Login.java:68)
	at org.test.Login.getusername(Login.java:68)
	at org.test.Login.getusername(Login.java:68)
	at org.test.Login.getusername(Login.java:68)
	at org.test.Login.getusername(Login.java:68)
	at org.test.Login.getusername(Login.java:68)
	at org.test.Login.getusername(Login.java:68)
	at org.test.Login.getusername(Login.java:68)
	at org.test.Login.getusername(Login.java:68)
	at org.test.Login.getusername(Login.java:68)
	at org.test.Login.getusername(Login.java:68)
	at org.test.Login.getusername(Login.java:68)
	at org.test.Login.getusername(Login.java:68)
	at org.test.Login.getusername(Login.java:68)
	at org.test.Login.getusername(Login.java:68)
	at org.test.Login.getusername(Login.java:68)
	at org.test.Login.getusername(Login.java:68)
	at org.test.Login.getusername(Login.java:68)
	at org.test.Login.getusername(Login.java:68)
	at org.test.Login.getusername(Login.java:68)
	at org.test.Login.getusername(Login.java:68)
	at org.test.Login.getusername(Login.java:68)
	at org.test.Login.getusername(Login.java:68)
	at org.test.Login.getusername(Login.java:68)
	at org.test.Login.getusername(Login.java:68)
	at org.test.Login.getusername(Login.java:68)
	at org.test.Login.getusername(Login.java:68)
	at org.test.Login.getusername(Login.java:68)
	at org.test.Login.getusername(Login.java:68)
	at org.test.Login.getusername(Login.java:68)
	at org.test.Login.getusername(Login.java:68)
	at org.test.Login.getusername(Login.java:68)
	at org.test.Login.getusername(Login.java:68)
	at org.test.Login.getusername(Login.java:68)
	at org.test.Login.getusername(Login.java:68)
	at org.test.Login.getusername(Login.java:68)
	at org.test.Login.getusername(Login.java:68)
	at org.test.Login.getusername(Login.java:68)
	at org.test.Login.getusername(Login.java:68)
	at org.test.Login.getusername(Login.java:68)
	at org.test.Login.getusername(Login.java:68)
	at org.test.Login.getusername(Login.java:68)
	at org.test.Login.getusername(Login.java:68)
	at org.test.Login.getusername(Login.java:68)
	at org.test.Login.getusername(Login.java:68)
	at org.test.Login.getusername(Login.java:68)
	at org.test.Login.getusername(Login.java:68)
	at org.test.Login.getusername(Login.java:68)
	at org.test.Login.getusername(Login.java:68)
	at org.test.Login.getusername(Login.java:68)
	at org.test.Login.getusername(Login.java:68)
	at org.test.Login.getusername(Login.java:68)
	at org.test.Login.getusername(Login.java:68)
	at org.test.Login.getusername(Login.java:68)
	at org.test.Login.getusername(Login.java:68)
	at org.test.Login.getusername(Login.java:68)
	at org.test.Login.getusername(Login.java:68)
	at org.test.Login.getusername(Login.java:68)
	at org.test.Login.getusername(Login.java:68)
	at org.test.Login.getusername(Login.java:68)
	at org.test.Login.getusername(Login.java:68)
	at org.test.Login.getusername(Login.java:68)
	at org.test.Login.getusername(Login.java:68)
	at org.test.Login.getusername(Login.java:68)
	at org.test.Login.getusername(Login.java:68)
	at org.test.Login.getusername(Login.java:68)
	at org.test.Login.getusername(Login.java:68)
	at org.test.Login.getusername(Login.java:68)
	at org.test.Login.getusername(Login.java:68)
	at org.test.Login.getusername(Login.java:68)
	at org.test.Login.getusername(Login.java:68)
	at org.test.Login.getusername(Login.java:68)
	at org.test.Login.getusername(Login.java:68)
	at org.test.Login.getusername(Login.java:68)
	at org.test.Login.getusername(Login.java:68)
	at org.test.Login.getusername(Login.java:68)
	at org.test.Login.getusername(Login.java:68)
	at org.test.Login.getusername(Login.java:68)
	at org.test.Login.getusername(Login.java:68)
	at org.test.Login.getusername(Login.java:68)
	at org.test.Login.getusername(Login.java:68)
	at org.test.Login.getusername(Login.java:68)
	at org.test.Login.getusername(Login.java:68)
	at org.test.Login.getusername(Login.java:68)
	at org.test.Login.getusername(Login.java:68)
	at org.test.Login.getusername(Login.java:68)
	at org.test.Login.getusername(Login.java:68)
	at org.test.Login.getusername(Login.java:68)
	at org.test.Login.getusername(Login.java:68)
	at org.test.Login.getusername(Login.java:68)
	at org.test.Login.getusername(Login.java:68)
	at org.test.Login.getusername(Login.java:68)
	at org.test.Login.getusername(Login.java:68)
	at org.test.Login.getusername(Login.java:68)
	at org.test.Login.getusername(Login.java:68)
	at org.test.Login.getusername(Login.java:68)
	at org.test.Login.getusername(Login.java:68)
	at org.test.Login.getusername(Login.java:68)
	at org.test.Login.getusername(Login.java:68)
	at org.test.Login.getusername(Login.java:68)
	at org.test.Login.getusername(Login.java:68)
	at org.test.Login.getusername(Login.java:68)
	at org.test.Login.getusername(Login.java:68)
	at org.test.Login.getusername(Login.java:68)
	at org.test.Login.getusername(Login.java:68)
	at org.test.Login.getusername(Login.java:68)
	at org.test.Login.getusername(Login.java:68)
	at org.test.Login.getusername(Login.java:68)
	at org.test.Login.getusername(Login.java:68)
	at org.test.Login.getusername(Login.java:68)
	at org.test.Login.getusername(Login.java:68)
	at org.test.Login.getusername(Login.java:68)
	at org.test.Login.getusername(Login.java:68)
	at org.test.Login.getusername(Login.java:68)
	at org.test.Login.getusername(Login.java:68)
	at org.test.Login.getusername(Login.java:68)
	at org.test.Login.getusername(Login.java:68)
	at org.test.Login.getusername(Login.java:68)
	at org.test.Login.getusername(Login.java:68)
	at org.test.Login.getusername(Login.java:68)
	at org.test.Login.getusername(Login.java:68)
	at org.test.Login.getusername(Login.java:68)
	at org.test.Login.getusername(Login.java:68)
	at org.test.Login.getusername(Login.java:68)
	at org.test.Login.getusername(Login.java:68)
	at org.test.Login.getusername(Login.java:68)
	at org.test.Login.getusername(Login.java:68)
	at org.test.Login.getusername(Login.java:68)
	at org.test.Login.getusername(Login.java:68)
	at org.test.Login.getusername(Login.java:68)
	at org.test.Login.getusername(Login.java:68)
	at org.test.Login.getusername(Login.java:68)
	at org.test.Login.getusername(Login.java:68)
	at org.test.Login.getusername(Login.java:68)
	at org.test.Login.getusername(Login.java:68)
	at org.test.Login.getusername(Login.java:68)
	at org.test.Login.getusername(Login.java:68)
	at org.test.Login.getusername(Login.java:68)
	at org.test.Login.getusername(Login.java:68)
	at org.test.Login.getusername(Login.java:68)
	at org.test.Login.getusername(Login.java:68)
	at org.test.Login.getusername(Login.java:68)
	at org.test.Login.getusername(Login.java:68)
	at org.test.Login.getusername(Login.java:68)
	at org.test.Login.getusername(Login.java:68)
	at org.test.Login.getusername(Login.java:68)
	at org.test.Login.getusername(Login.java:68)
	at org.test.Login.getusername(Login.java:68)
	at org.test.Login.getusername(Login.java:68)
	at org.test.Login.getusername(Login.java:68)
	at org.test.Login.getusername(Login.java:68)
	at org.test.Login.getusername(Login.java:68)
	at org.test.Login.getusername(Login.java:68)
	at org.test.Login.getusername(Login.java:68)
	at org.test.Login.getusername(Login.java:68)
	at org.test.Login.getusername(Login.java:68)
	at org.test.Login.getusername(Login.java:68)
	at org.test.Login.getusername(Login.java:68)
	at org.test.Login.getusername(Login.java:68)
	at org.test.Login.getusername(Login.java:68)
	at org.test.Login.getusername(Login.java:68)
	at org.test.Login.getusername(Login.java:68)
	at org.test.Login.getusername(Login.java:68)
	at org.test.Login.getusername(Login.java:68)
	at org.test.Login.getusername(Login.java:68)
	at org.test.Login.getusername(Login.java:68)
	at org.test.Login.getusername(Login.java:68)
	at org.test.Login.getusername(Login.java:68)
	at org.test.Login.getusername(Login.java:68)
	at org.test.Login.getusername(Login.java:68)
	at org.test.Login.getusername(Login.java:68)
	at org.test.Login.getusername(Login.java:68)
	at org.test.Login.getusername(Login.java:68)
	at org.test.Login.getusername(Login.java:68)
	at org.test.Login.getusername(Login.java:68)
	at org.test.Login.getusername(Login.java:68)
	at org.test.Login.getusername(Login.java:68)
	at org.test.Login.getusername(Login.java:68)
	at org.test.Login.getusername(Login.java:68)
	at org.test.Login.getusername(Login.java:68)
	at org.test.Login.getusername(Login.java:68)
	at org.test.Login.getusername(Login.java:68)
	at org.test.Login.getusername(Login.java:68)
	at org.test.Login.getusername(Login.java:68)
	at org.test.Login.getusername(Login.java:68)
	at org.test.Login.getusername(Login.java:68)
	at org.test.Login.getusername(Login.java:68)
	at org.test.Login.getusername(Login.java:68)
	at org.test.Login.getusername(Login.java:68)
	at org.test.Login.getusername(Login.java:68)
	at org.test.Login.getusername(Login.java:68)
	at org.test.Login.getusername(Login.java:68)
	at org.test.Login.getusername(Login.java:68)
	at org.test.Login.getusername(Login.java:68)
	at org.test.Login.getusername(Login.java:68)
	at org.test.Login.getusername(Login.java:68)
	at org.test.Login.getusername(Login.java:68)
	at org.test.Login.getusername(Login.java:68)
	at org.test.Login.getusername(Login.java:68)
	at org.test.Login.getusername(Login.java:68)
	at org.test.Login.getusername(Login.java:68)
	at org.test.Login.getusername(Login.java:68)
	at org.test.Login.getusername(Login.java:68)
	at org.test.Login.getusername(Login.java:68)
	at org.test.Login.getusername(Login.java:68)
	at org.test.Login.getusername(Login.java:68)
	at org.test.Login.getusername(Login.java:68)
	at org.test.Login.getusername(Login.java:68)
	at org.test.Login.getusername(Login.java:68)
	at org.test.Login.getusername(Login.java:68)
	at org.test.Login.getusername(Login.java:68)
	at org.test.Login.getusername(Login.java:68)
	at org.test.Login.getusername(Login.java:68)
	at org.test.Login.getusername(Login.java:68)
	at org.test.Login.getusername(Login.java:68)
	at org.test.Login.getusername(Login.java:68)
	at org.test.Login.getusername(Login.java:68)
	at org.test.Login.getusername(Login.java:68)
	at org.test.Login.getusername(Login.java:68)
	at org.test.Login.getusername(Login.java:68)
	at org.test.Login.getusername(Login.java:68)
	at org.test.Login.getusername(Login.java:68)
	at org.test.Login.getusername(Login.java:68)
	at org.test.Login.getusername(Login.java:68)
	at org.test.Login.getusername(Login.java:68)
	at org.test.Login.getusername(Login.java:68)
	at org.test.Login.getusername(Login.java:68)
	at org.test.Login.getusername(Login.java:68)
	at org.test.Login.getusername(Login.java:68)
	at org.test.Login.getusername(Login.java:68)
	at org.test.Login.getusername(Login.java:68)
	at org.test.Login.getusername(Login.java:68)
	at org.test.Login.getusername(Login.java:68)
	at org.test.Login.getusername(Login.java:68)
	at org.test.Login.getusername(Login.java:68)
	at org.test.Login.getusername(Login.java:68)
	at org.test.Login.getusername(Login.java:68)
	at org.test.Login.getusername(Login.java:68)
	at org.test.Login.getusername(Login.java:68)
	at org.test.Login.getusername(Login.java:68)
	at org.test.Login.getusername(Login.java:68)
	at org.test.Login.getusername(Login.java:68)
	at org.test.Login.getusername(Login.java:68)
	at org.test.Login.getusername(Login.java:68)
	at org.test.Login.getusername(Login.java:68)
	at org.test.Login.getusername(Login.java:68)
	at org.test.Login.getusername(Login.java:68)
	at org.test.Login.getusername(Login.java:68)
	at org.test.Login.getusername(Login.java:68)
	at org.test.Login.getusername(Login.java:68)
	at org.test.Login.getusername(Login.java:68)
	at org.test.Login.getusername(Login.java:68)
	at org.test.Login.getusername(Login.java:68)
	at org.test.Login.getusername(Login.java:68)
	at org.test.Login.getusername(Login.java:68)
	at org.test.Login.getusername(Login.java:68)
	at org.test.Login.getusername(Login.java:68)
	at org.test.Login.getusername(Login.java:68)
	at org.test.Login.getusername(Login.java:68)
	at org.test.Login.getusername(Login.java:68)
	at org.test.Login.getusername(Login.java:68)
	at org.test.Login.getusername(Login.java:68)
	at org.test.Login.getusername(Login.java:68)
	at org.test.Login.getusername(Login.java:68)
	at org.test.Login.getusername(Login.java:68)
	at org.test.Login.getusername(Login.java:68)
	at org.test.Login.getusername(Login.java:68)
	at org.test.Login.getusername(Login.java:68)
	at org.test.Login.getusername(Login.java:68)
	at org.test.Login.getusername(Login.java:68)
	at org.test.Login.getusername(Login.java:68)
	at org.test.Login.getusername(Login.java:68)
	at org.test.Login.getusername(Login.java:68)
	at org.test.Login.getusername(Login.java:68)
	at org.test.Login.getusername(Login.java:68)
	at org.test.Login.getusername(Login.java:68)
	at org.test.Login.getusername(Login.java:68)
	at org.test.Login.getusername(Login.java:68)
	at org.test.Login.getusername(Login.java:68)
	at org.test.Login.getusername(Login.java:68)
	at org.test.Login.getusername(Login.java:68)
	at org.test.Login.getusername(Login.java:68)
	at org.test.Login.getusername(Login.java:68)
	at org.test.Login.getusername(Login.java:68)
	at org.test.Login.getusername(Login.java:68)
	at org.test.Login.getusername(Login.java:68)
	at org.test.Login.getusername(Login.java:68)
	at org.test.Login.getusername(Login.java:68)
	at org.test.Login.getusername(Login.java:68)
	at org.test.Login.getusername(Login.java:68)
	at org.test.Login.getusername(Login.java:68)
	at org.test.Login.getusername(Login.java:68)
	at org.test.Login.getusername(Login.java:68)
	at org.test.Login.getusername(Login.java:68)
	at org.test.Login.getusername(Login.java:68)
	at org.test.Login.getusername(Login.java:68)
	at org.test.Login.getusername(Login.java:68)
	at org.test.Login.getusername(Login.java:68)
	at org.test.Login.getusername(Login.java:68)
	at org.test.Login.getusername(Login.java:68)
	at org.test.Login.getusername(Login.java:68)
	at org.test.Login.getusername(Login.java:68)
	at org.test.Login.getusername(Login.java:68)
	at org.test.Login.getusername(Login.java:68)
	at org.test.Login.getusername(Login.java:68)
	at org.test.Login.getusername(Login.java:68)
	at org.test.Login.getusername(Login.java:68)
	at org.test.Login.getusername(Login.java:68)
	at org.test.Login.getusername(Login.java:68)
	at org.test.Login.getusername(Login.java:68)
	at org.test.Login.getusername(Login.java:68)
	at org.test.Login.getusername(Login.java:68)
	at org.test.Login.getusername(Login.java:68)
	at org.test.Login.getusername(Login.java:68)
	at org.test.Login.getusername(Login.java:68)
	at org.test.Login.getusername(Login.java:68)
	at org.test.Login.getusername(Login.java:68)
	at org.test.Login.getusername(Login.java:68)
	at org.test.Login.getusername(Login.java:68)
	at org.test.Login.getusername(Login.java:68)
	at org.test.Login.getusername(Login.java:68)
	at org.test.Login.getusername(Login.java:68)
	at org.test.Login.getusername(Login.java:68)
	at org.test.Login.getusername(Login.java:68)
	at org.test.Login.getusername(Login.java:68)
	at org.test.Login.getusername(Login.java:68)
	at org.test.Login.getusername(Login.java:68)
	at org.test.Login.getusername(Login.java:68)
	at org.test.Login.getusername(Login.java:68)
	at org.test.Login.getusername(Login.java:68)
	at org.test.Login.getusername(Login.java:68)
	at org.test.Login.getusername(Login.java:68)
	at org.test.Login.getusername(Login.java:68)
	at org.test.Login.getusername(Login.java:68)
	at org.test.Login.getusername(Login.java:68)
	at org.test.Login.getusername(Login.java:68)
	at org.test.Login.getusername(Login.java:68)
	at org.test.Login.getusername(Login.java:68)
	at org.test.Login.getusername(Login.java:68)
	at org.test.Login.getusername(Login.java:68)
	at org.test.Login.getusername(Login.java:68)
	at org.test.Login.getusername(Login.java:68)
	at org.test.Login.getusername(Login.java:68)
	at org.test.Login.getusername(Login.java:68)
	at org.test.Login.getusername(Login.java:68)
	at org.test.Login.getusername(Login.java:68)
	at org.test.Login.getusername(Login.java:68)
	at org.test.Login.getusername(Login.java:68)
	at org.test.Login.getusername(Login.java:68)
	at org.test.Login.getusername(Login.java:68)
	at org.test.Login.getusername(Login.java:68)
]]>
    </error>
  </testcase> <!-- test1 -->
</testsuite> <!-- org.tesss.Softassert -->
